<?xml version="1.0" encoding="UTF-8"?>
<!-- Generated by org.testng.reporters.JUnitReportReporter -->
<testsuite skipped="0" hostname="LAPTOP-CRF2I24H" name="testCases.Login" tests="1" failures="0" timestamp="2020-11-20T10:03:20 IST" time="0.011" errors="0">
  <testcase name="f" time="0.011" classname="testCases.Login"/>
  <system-out/>
</testsuite> <!-- testCases.Login -->
